npm verb cli C:\Program Files\nodejs\node.exe C:\Users\andre\AppData\Roaming\npm\node_modules\npm\bin\npm-cli.js
npm info using npm@10.5.1
npm info using node@v20.12.1
npm verb title npm install
npm verb argv "install" "--legacy-peer-deps" "--loglevel" "verbose"
npm verb logfile logs-max:10 dir:C:\Users\andre\AppData\Local\npm-cache\_logs\2024-08-29T02_43_22_796Z-
npm verb logfile C:\Users\andre\AppData\Local\npm-cache\_logs\2024-08-29T02_43_22_796Z-debug-0.log
npm http fetch GET 200 https://registry.npmjs.org/browserstack-cypress-cli 1082ms (cache revalidated)
npm http fetch GET 200 https://registry.npmjs.org/cypress 95ms (cache revalidated)
npm http fetch GET 200 https://registry.npmjs.org/archiver 113ms (cache revalidated)
npm http fetch GET 200 https://registry.npmjs.org/chalk 297ms (cache revalidated)
npm http fetch GET 200 https://registry.npmjs.org/async 303ms (cache revalidated)
npm http fetch GET 200 https://registry.npmjs.org/fs-extra 306ms (cache revalidated)
npm http fetch GET 200 https://registry.npmjs.org/cli-progress 320ms (cache revalidated)
npm http fetch GET 200 https://registry.npmjs.org/glob 99ms (cache revalidated)
npm http fetch GET 200 https://registry.npmjs.org/mocha 105ms (cache revalidated)
npm http fetch GET 200 https://registry.npmjs.org/mkdirp 89ms (cache revalidated)
npm http fetch GET 200 https://registry.npmjs.org/request 84ms (cache revalidated)
npm http fetch GET 200 https://registry.npmjs.org/requestretry 81ms (cache revalidated)
npm http fetch GET 200 https://registry.npmjs.org/table 95ms (cache revalidated)
npm http fetch GET 200 https://registry.npmjs.org/git-last-commit 703ms (cache revalidated)
npm http fetch GET 200 https://registry.npmjs.org/update-notifier 101ms (cache revalidated)
npm http fetch GET 200 https://registry.npmjs.org/getmac 894ms (cache revalidated)
npm http fetch GET 200 https://registry.npmjs.org/browserstack-local 935ms (cache revalidated)
npm http fetch GET 200 https://registry.npmjs.org/uuid 122ms (cache revalidated)
npm http fetch GET 200 https://registry.npmjs.org/gitconfiglocal 674ms (cache revalidated)
npm http fetch GET 200 https://registry.npmjs.org/git-repo-info 690ms (cache revalidated)
npm http fetch GET 200 https://registry.npmjs.org/windows-release 119ms (cache revalidated)
npm http fetch GET 200 https://registry.npmjs.org/winston 97ms (cache revalidated)
npm http fetch GET 200 https://registry.npmjs.org/decompress 101ms (cache revalidated)
npm http fetch GET 200 https://registry.npmjs.org/yargs 115ms (cache revalidated)
npm http fetch GET 200 https://registry.npmjs.org/unzipper 97ms (cache revalidated)
npm http fetch GET 200 https://registry.npmjs.org/arch 108ms (cache revalidated)
npm http fetch GET 200 https://registry.npmjs.org/tmp 121ms (cache revalidated)
npm http fetch GET 200 https://registry.npmjs.org/dayjs 109ms (cache revalidated)
npm http fetch GET 200 https://registry.npmjs.org/debug 113ms (cache revalidated)
npm http fetch GET 200 https://registry.npmjs.org/execa 113ms (cache revalidated)
npm http fetch GET 200 https://registry.npmjs.org/getos 101ms (cache revalidated)
npm http fetch GET 200 https://registry.npmjs.org/node-ipc 796ms (cache revalidated)
npm http fetch GET 200 https://registry.npmjs.org/buffer 141ms (cache revalidated)
npm http fetch GET 200 https://registry.npmjs.org/is-ci 160ms (cache revalidated)
npm http fetch GET 200 https://registry.npmjs.org/yauzl 164ms (cache revalidated)
npm http fetch GET 200 https://registry.npmjs.org/listr2 119ms (cache revalidated)
npm http fetch GET 200 https://registry.npmjs.org/lodash 129ms (cache revalidated)
npm http fetch GET 200 https://registry.npmjs.org/ospath 130ms (cache revalidated)
npm http fetch GET 200 https://registry.npmjs.org/semver 121ms (cache revalidated)
npm http fetch GET 200 https://registry.npmjs.org/process 117ms (cache revalidated)
npm http fetch GET 200 https://registry.npmjs.org/cachedir 110ms (cache revalidated)
npm http fetch GET 200 https://registry.npmjs.org/bluebird 126ms (cache revalidated)
npm http fetch GET 200 https://registry.npmjs.org/enquirer 106ms (cache revalidated)
npm http fetch GET 200 https://registry.npmjs.org/figures 152ms (cache revalidated)
npm http fetch GET 200 https://registry.npmjs.org/lazy-ass 115ms (cache revalidated)
npm http fetch GET 200 https://registry.npmjs.org/minimist 93ms (cache revalidated)
npm http fetch GET 200 https://registry.npmjs.org/blob-util 104ms (cache revalidated)
npm http fetch GET 200 https://registry.npmjs.org/commander 133ms (cache revalidated)
npm http fetch GET 200 https://registry.npmjs.org/executable 120ms (cache revalidated)
npm http fetch GET 200 https://registry.npmjs.org/cli-cursor 136ms (cache revalidated)
npm http fetch GET 200 https://registry.npmjs.org/untildify 146ms (cache revalidated)
npm http fetch GET 200 https://registry.npmjs.org/cli-table3 137ms (cache revalidated)
npm http fetch GET 200 https://registry.npmjs.org/common-tags 91ms (cache revalidated)
npm http fetch GET 200 https://registry.npmjs.org/extract-zip 91ms (cache revalidated)
npm http fetch GET 200 https://registry.npmjs.org/log-symbols 106ms (cache revalidated)
npm http fetch GET 200 https://registry.npmjs.org/eventemitter2 107ms (cache revalidated)
npm http fetch GET 200 https://registry.npmjs.org/proxy-from-env 104ms (cache revalidated)
npm http fetch GET 200 https://registry.npmjs.org/@types%2fsizzle 128ms (cache revalidated)
npm http fetch GET 200 https://registry.npmjs.org/@cypress%2fxvfb 135ms (cache revalidated)
npm http fetch GET 200 https://registry.npmjs.org/supports-color 105ms (cache revalidated)
npm http fetch GET 200 https://registry.npmjs.org/pretty-bytes 146ms (cache revalidated)
npm http fetch GET 200 https://registry.npmjs.org/@cypress%2frequest 122ms (cache revalidated)
npm http fetch GET 200 https://registry.npmjs.org/is-installed-globally 106ms (cache revalidated)
npm http fetch GET 200 https://registry.npmjs.org/check-more-types 119ms (cache revalidated)
npm http fetch GET 200 https://registry.npmjs.org/request-progress 119ms (cache revalidated)
npm http fetch GET 200 https://registry.npmjs.org/@types%2fsinonjs__fake-timers 111ms (cache revalidated)
npm http fetch GET 200 https://registry.npmjs.org/archiver-utils 103ms (cache revalidated)
npm http fetch GET 200 https://registry.npmjs.org/tar-stream 101ms (cache revalidated)
npm http fetch GET 200 https://registry.npmjs.org/buffer-crc32 110ms (cache revalidated)
npm http fetch GET 200 https://registry.npmjs.org/zip-stream 108ms (cache revalidated)
npm http fetch GET 200 https://registry.npmjs.org/https-proxy-agent 108ms (cache revalidated)
npm http fetch GET 200 https://registry.npmjs.org/readable-stream 126ms (cache revalidated)
npm http fetch GET 200 https://registry.npmjs.org/readdir-glob 143ms (cache revalidated)
npm http fetch GET 200 https://registry.npmjs.org/agent-base 111ms (cache revalidated)
npm http fetch GET 200 https://registry.npmjs.org/string-width 95ms (cache revalidated)
npm http fetch GET 200 https://registry.npmjs.org/ansi-styles 119ms (cache revalidated)
npm http fetch GET 200 https://registry.npmjs.org/decompress-tar 99ms (cache revalidated)
npm http fetch GET 200 https://registry.npmjs.org/decompress-tarbz2 91ms (cache revalidated)
npm http fetch GET 200 https://registry.npmjs.org/decompress-targz 90ms (cache revalidated)
npm http fetch GET 200 https://registry.npmjs.org/graceful-fs 86ms (cache revalidated)
npm http fetch GET 200 https://registry.npmjs.org/decompress-unzip 101ms (cache revalidated)
npm http fetch GET 200 https://registry.npmjs.org/pify 82ms (cache revalidated)
npm http fetch GET 200 https://registry.npmjs.org/make-dir 90ms (cache revalidated)
npm http fetch GET 200 https://registry.npmjs.org/strip-dirs 82ms (cache revalidated)
npm http fetch GET 200 https://registry.npmjs.org/jsonfile 87ms (cache revalidated)
npm http fetch GET 200 https://registry.npmjs.org/universalify 82ms (cache revalidated)
npm http fetch GET 200 https://registry.npmjs.org/ini 99ms (cache revalidated)
npm http fetch GET 200 https://registry.npmjs.org/@types%2fnode 129ms (cache revalidated)
npm http fetch GET 200 https://registry.npmjs.org/once 249ms (cache revalidated)
npm http fetch GET 200 https://registry.npmjs.org/inflight 193ms (cache revalidated)
npm http fetch GET 200 https://registry.npmjs.org/inherits 243ms (cache revalidated)
npm http fetch GET 200 https://registry.npmjs.org/minimatch 117ms (cache revalidated)
npm http fetch GET 200 https://registry.npmjs.org/fs.realpath 108ms (cache revalidated)
npm http fetch GET 200 https://registry.npmjs.org/path-is-absolute 114ms (cache revalidated)
npm http fetch GET 200 https://registry.npmjs.org/is-running 696ms (cache revalidated)
npm http fetch GET 200 https://registry.npmjs.org/temp-fs 690ms (cache revalidated)
npm http fetch GET 200 https://registry.npmjs.org/ps-tree 738ms (cache revalidated)
npm http fetch GET 200 https://registry.npmjs.org/ansi-colors 88ms (cache revalidated)
npm http fetch GET 200 https://registry.npmjs.org/browser-stdout 98ms (cache revalidated)
npm http fetch GET 200 https://registry.npmjs.org/chokidar 101ms (cache revalidated)
npm http fetch GET 200 https://registry.npmjs.org/diff 99ms (cache revalidated)
npm http fetch GET 200 https://registry.npmjs.org/find-up 107ms (cache revalidated)
npm http fetch GET 200 https://registry.npmjs.org/he 88ms (cache revalidated)
npm http fetch GET 200 https://registry.npmjs.org/js-yaml 95ms (cache revalidated)
npm http fetch GET 200 https://registry.npmjs.org/ms 110ms (cache revalidated)
npm http fetch GET 200 https://registry.npmjs.org/strip-json-comments 99ms (cache revalidated)
npm http fetch GET 200 https://registry.npmjs.org/serialize-javascript 110ms (cache revalidated)
npm http fetch GET 200 https://registry.npmjs.org/workerpool 106ms (cache revalidated)
npm http fetch GET 200 https://registry.npmjs.org/yargs-parser 89ms (cache revalidated)
npm http fetch GET 200 https://registry.npmjs.org/yargs-unparser 84ms (cache revalidated)
npm http fetch GET 200 https://registry.npmjs.org/js-queue 98ms (cache revalidated)
npm http fetch GET 200 https://registry.npmjs.org/js-message 107ms (cache revalidated)
npm http fetch GET 200 https://registry.npmjs.org/event-pubsub 104ms (cache revalidated)
npm http fetch GET 200 https://registry.npmjs.org/qs 97ms (cache revalidated)
npm http fetch GET 200 https://registry.npmjs.org/extend 96ms (cache revalidated)
npm http fetch GET 200 https://registry.npmjs.org/aws4 105ms (cache revalidated)
npm http fetch GET 200 https://registry.npmjs.org/caseless 93ms (cache revalidated)
npm http fetch GET 200 https://registry.npmjs.org/isstream 102ms (cache revalidated)
npm http fetch GET 200 https://registry.npmjs.org/aws-sign2 101ms (cache revalidated)
npm http fetch GET 200 https://registry.npmjs.org/form-data 99ms (cache revalidated)
npm http fetch GET 200 https://registry.npmjs.org/mime-types 98ms (cache revalidated)
npm http fetch GET 200 https://registry.npmjs.org/oauth-sign 102ms (cache revalidated)
npm http fetch GET 200 https://registry.npmjs.org/safe-buffer 91ms (cache revalidated)
npm http fetch GET 200 https://registry.npmjs.org/tough-cookie 91ms (cache revalidated)
npm http fetch GET 200 https://registry.npmjs.org/tunnel-agent 105ms (cache revalidated)
npm http fetch GET 200 https://registry.npmjs.org/forever-agent 110ms (cache revalidated)
npm http fetch GET 200 https://registry.npmjs.org/is-typedarray 123ms (cache revalidated)
npm http fetch GET 200 https://registry.npmjs.org/http-signature 96ms (cache revalidated)
npm http fetch GET 200 https://registry.npmjs.org/combined-stream 91ms (cache revalidated)
npm http fetch GET 200 https://registry.npmjs.org/performance-now 94ms (cache revalidated)
npm http fetch GET 200 https://registry.npmjs.org/json-stringify-safe 93ms (cache revalidated)
npm http fetch GET 200 https://registry.npmjs.org/ajv 95ms (cache revalidated)
npm http fetch GET 200 https://registry.npmjs.org/escape-string-regexp 688ms (cache revalidated)
npm http fetch GET 200 https://registry.npmjs.org/slice-ansi 109ms (cache revalidated)
npm http fetch GET 200 https://registry.npmjs.org/duplexer2 104ms (cache revalidated)
npm http fetch GET 200 https://registry.npmjs.org/node-int64 92ms (cache revalidated)
npm http fetch GET 200 https://registry.npmjs.org/pupa 115ms (cache revalidated)
npm http fetch GET 200 https://registry.npmjs.org/boxen 97ms (cache revalidated)
npm http fetch GET 200 https://registry.npmjs.org/is-npm 106ms (cache revalidated)
npm http fetch GET 200 https://registry.npmjs.org/import-lazy 91ms (cache revalidated)
npm http fetch GET 200 https://registry.npmjs.org/xdg-basedir 88ms (cache revalidated)
npm http fetch GET 200 https://registry.npmjs.org/latest-version 81ms (cache revalidated)
npm http fetch GET 200 https://registry.npmjs.org/eyes 94ms (cache revalidated)
npm http fetch GET 200 https://registry.npmjs.org/cycle 96ms (cache revalidated)
npm http fetch GET 200 https://registry.npmjs.org/colors 86ms (cache revalidated)
npm http fetch GET 200 https://registry.npmjs.org/stack-trace 93ms (cache revalidated)
npm http fetch GET 200 https://registry.npmjs.org/y18n 89ms (cache revalidated)
npm http fetch GET 200 https://registry.npmjs.org/cliui 88ms (cache revalidated)
npm http fetch GET 200 https://registry.npmjs.org/decamelize 81ms (cache revalidated)
npm http fetch GET 200 https://registry.npmjs.org/which-module 107ms (cache revalidated)
npm http fetch GET 200 https://registry.npmjs.org/set-blocking 111ms (cache revalidated)
npm http fetch GET 200 https://registry.npmjs.org/har-validator 734ms (cache revalidated)
npm http fetch GET 200 https://registry.npmjs.org/get-caller-file 94ms (cache revalidated)
npm http fetch GET 200 https://registry.npmjs.org/require-directory 95ms (cache revalidated)
npm http fetch GET 200 https://registry.npmjs.org/semver-diff 698ms (cache revalidated)
npm http fetch GET 200 https://registry.npmjs.org/configstore 742ms (cache revalidated)
npm http fetch GET 200 https://registry.npmjs.org/is-in-ci 781ms (cache revalidated)
npm http fetch GET 200 https://registry.npmjs.org/require-main-filename 692ms (cache revalidated)
npm http fetch GET 200 https://registry.npmjs.org/lazystream 98ms (cache revalidated)
npm http fetch GET 200 https://registry.npmjs.org/lodash.defaults 108ms (cache revalidated)
npm http fetch GET 200 https://registry.npmjs.org/lodash.difference 111ms (cache revalidated)
npm http fetch GET 200 https://registry.npmjs.org/lodash.isplainobject 112ms (cache revalidated)
npm http fetch GET 200 https://registry.npmjs.org/normalize-path 113ms (cache revalidated)
npm http fetch GET 200 https://registry.npmjs.org/lodash.flatten 128ms (cache revalidated)
npm http fetch GET 200 https://registry.npmjs.org/string_decoder 100ms (cache revalidated)
npm http fetch GET 200 https://registry.npmjs.org/bl 101ms (cache revalidated)
npm http fetch GET 200 https://registry.npmjs.org/util-deprecate 111ms (cache revalidated)
npm http fetch GET 200 https://registry.npmjs.org/compress-commons 97ms (cache revalidated)
npm http fetch GET 200 https://registry.npmjs.org/fs-constants 112ms (cache revalidated)
npm http fetch GET 200 https://registry.npmjs.org/lodash.union 775ms (cache revalidated)
npm http fetch GET 200 https://registry.npmjs.org/end-of-stream 709ms (cache revalidated)
npm http fetch GET 200 https://registry.npmjs.org/core-util-is 92ms (cache revalidated)
npm http fetch GET 200 https://registry.npmjs.org/process-nextick-args 92ms (cache revalidated)
npm http fetch GET 200 https://registry.npmjs.org/isarray 94ms (cache revalidated)
npm http fetch GET 200 https://registry.npmjs.org/rimraf 87ms (cache revalidated)
npm http fetch GET 200 https://registry.npmjs.org/event-stream 92ms (cache revalidated)
npm http fetch GET 200 https://registry.npmjs.org/has-flag 87ms (cache revalidated)
npm http fetch GET 200 https://registry.npmjs.org/color-convert 93ms (cache revalidated)
npm http fetch GET 200 https://registry.npmjs.org/color-name 98ms (cache revalidated)
npm http fetch GET 200 https://registry.npmjs.org/emoji-regex 88ms (cache revalidated)
npm http fetch GET 200 https://registry.npmjs.org/is-fullwidth-code-point 94ms (cache revalidated)
npm http fetch GET 200 https://registry.npmjs.org/strip-ansi 101ms (cache revalidated)
npm http fetch GET 200 https://registry.npmjs.org/restore-cursor 139ms (cache revalidated)
npm http fetch GET 200 https://registry.npmjs.org/lodash.once 152ms (cache revalidated)
npm http fetch GET 200 https://registry.npmjs.org/onetime 140ms (cache revalidated)
npm http fetch GET 200 https://registry.npmjs.org/base64-js 157ms (cache revalidated)
npm http fetch GET 200 https://registry.npmjs.org/is-stream 148ms (cache revalidated)
npm http fetch GET 200 https://registry.npmjs.org/ieee754 168ms (cache revalidated)
npm http fetch GET 200 https://registry.npmjs.org/@colors%2fcolors 179ms (cache revalidated)
npm http fetch GET 200 https://registry.npmjs.org/signal-exit 158ms (cache revalidated)
npm http fetch GET 200 https://registry.npmjs.org/merge-stream 159ms (cache revalidated)
npm http fetch GET 200 https://registry.npmjs.org/npm-run-path 161ms (cache revalidated)
npm http fetch GET 200 https://registry.npmjs.org/cross-spawn 198ms (cache revalidated)
npm http fetch GET 200 https://registry.npmjs.org/get-stream 208ms (cache revalidated)
npm http fetch GET 200 https://registry.npmjs.org/human-signals 187ms (cache revalidated)
npm http fetch GET 200 https://registry.npmjs.org/strip-final-newline 187ms (cache revalidated)
npm http fetch GET 200 https://registry.npmjs.org/get-stream 79ms (cache hit)
npm http fetch GET 200 https://registry.npmjs.org/@types%2fyauzl 152ms (cache revalidated)
npm http fetch GET 200 https://registry.npmjs.org/at-least-node 150ms (cache revalidated)
npm http fetch GET 200 https://registry.npmjs.org/is-path-inside 144ms (cache revalidated)
npm http fetch GET 200 https://registry.npmjs.org/ci-info 160ms (cache revalidated)
npm http fetch GET 200 https://registry.npmjs.org/global-dirs 168ms (cache revalidated)
npm http fetch GET 200 https://registry.npmjs.org/rfdc 154ms (cache revalidated)
npm http fetch GET 200 https://registry.npmjs.org/rxjs 147ms (cache revalidated)
npm http fetch GET 200 https://registry.npmjs.org/p-map 188ms (cache revalidated)
npm http fetch GET 200 https://registry.npmjs.org/through 200ms (cache revalidated)
npm http fetch GET 200 https://registry.npmjs.org/colorette 194ms (cache revalidated)
npm http fetch GET 200 https://registry.npmjs.org/log-update 188ms (cache revalidated)
npm http fetch GET 200 https://registry.npmjs.org/wrap-ansi 205ms (cache revalidated)
npm http fetch GET 200 https://registry.npmjs.org/cli-truncate 191ms (cache revalidated)
npm http fetch GET 200 https://registry.npmjs.org/is-unicode-supported 148ms (cache revalidated)
npm http fetch GET 200 https://registry.npmjs.org/throttleit 103ms (cache revalidated)
npm http fetch GET 200 https://registry.npmjs.org/fd-slicer 113ms (cache revalidated)
npm http fetch GET 200 https://registry.npmjs.org/jsprim 115ms (cache revalidated)
npm http fetch GET 200 https://registry.npmjs.org/asynckit 145ms (cache revalidated)
npm http fetch GET 200 https://registry.npmjs.org/sshpk 146ms (cache revalidated)
npm http fetch GET 200 https://registry.npmjs.org/delayed-stream 163ms (cache revalidated)
npm http fetch GET 200 https://registry.npmjs.org/assert-plus 173ms (cache revalidated)
npm http fetch GET 200 https://registry.npmjs.org/mime-db 171ms (cache revalidated)
npm http fetch GET 200 https://registry.npmjs.org/side-channel 173ms (cache revalidated)
npm http fetch GET 200 https://registry.npmjs.org/psl 153ms (cache revalidated)
npm http fetch GET 200 https://registry.npmjs.org/url-parse 129ms (cache revalidated)
npm http fetch GET 200 https://registry.npmjs.org/punycode 146ms (cache revalidated)
npm http fetch GET 200 https://registry.npmjs.org/file-type 151ms (cache revalidated)
npm http fetch GET 200 https://registry.npmjs.org/unbzip2-stream 166ms (cache revalidated)
npm http fetch GET 200 https://registry.npmjs.org/file-type 179ms (cache revalidated)
npm http fetch GET 200 https://registry.npmjs.org/file-type 197ms (cache revalidated)
npm http fetch GET 200 https://registry.npmjs.org/is-natural-number 218ms (cache revalidated)
npm http fetch GET 200 https://registry.npmjs.org/seek-bzip 732ms (cache revalidated)
npm http fetch GET 200 https://registry.npmjs.org/to-buffer 99ms (cache revalidated)
npm http fetch GET 200 https://registry.npmjs.org/buffer-alloc 110ms (cache revalidated)
npm http fetch GET 200 https://registry.npmjs.org/xtend 110ms (cache revalidated)
npm http fetch GET 200 https://registry.npmjs.org/pinkie-promise 93ms (cache revalidated)
npm http fetch GET 200 https://registry.npmjs.org/object-assign 102ms (cache revalidated)
npm http fetch GET 200 https://registry.npmjs.org/ansi-regex 117ms (cache revalidated)
npm http fetch GET 200 https://registry.npmjs.org/path-key 163ms (cache revalidated)
npm http fetch GET 200 https://registry.npmjs.org/path-key 158ms (cache revalidated)
npm http fetch GET 200 https://registry.npmjs.org/pump 162ms (cache revalidated)
npm http fetch GET 200 https://registry.npmjs.org/shebang-command 168ms (cache revalidated)
npm http fetch GET 200 https://registry.npmjs.org/mimic-fn 164ms (cache revalidated)
npm http fetch GET 200 https://registry.npmjs.org/which 170ms (cache revalidated)
npm http fetch GET 200 https://registry.npmjs.org/shebang-regex 100ms (cache revalidated)
npm http fetch GET 200 https://registry.npmjs.org/isexe 104ms (cache revalidated)
npm http fetch GET 200 https://registry.npmjs.org/undici-types 92ms (cache revalidated)
npm http fetch GET 200 https://registry.npmjs.org/pinkie 104ms (cache revalidated)
npm http fetch GET 200 https://registry.npmjs.org/brace-expansion 95ms (cache revalidated)
npm http fetch GET 200 https://registry.npmjs.org/wrappy 101ms (cache revalidated)
npm http fetch GET 200 https://registry.npmjs.org/extsprintf 98ms (cache revalidated)
npm http fetch GET 200 https://registry.npmjs.org/getpass 113ms (cache revalidated)
npm http fetch GET 200 https://registry.npmjs.org/json-schema 126ms (cache revalidated)
npm http fetch GET 200 https://registry.npmjs.org/verror 129ms (cache revalidated)
npm http fetch GET 200 https://registry.npmjs.org/safer-buffer 127ms (cache revalidated)
npm http fetch GET 200 https://registry.npmjs.org/asn1 140ms (cache revalidated)
npm http fetch GET 200 https://registry.npmjs.org/jsbn 99ms (cache revalidated)
npm http fetch GET 200 https://registry.npmjs.org/tweetnacl 112ms (cache revalidated)
npm http fetch GET 200 https://registry.npmjs.org/bcrypt-pbkdf 111ms (cache revalidated)
npm http fetch GET 200 https://registry.npmjs.org/ecc-jsbn 118ms (cache revalidated)
npm http fetch GET 200 https://registry.npmjs.org/dashdash 748ms (cache revalidated)
npm http fetch GET 200 https://registry.npmjs.org/tslib 107ms (cache revalidated)
npm http fetch GET 200 https://registry.npmjs.org/ansi-escapes 127ms (cache revalidated)
npm http fetch GET 200 https://registry.npmjs.org/aggregate-error 131ms (cache revalidated)
npm http fetch GET 200 https://registry.npmjs.org/astral-regex 108ms (cache revalidated)
npm http fetch GET 200 https://registry.npmjs.org/type-fest 99ms (cache revalidated)
npm http fetch GET 200 https://registry.npmjs.org/balanced-match 107ms (cache revalidated)
npm http fetch GET 200 https://registry.npmjs.org/concat-map 108ms (cache revalidated)
npm http fetch GET 200 https://registry.npmjs.org/glob-parent 111ms (cache revalidated)
npm http fetch GET 200 https://registry.npmjs.org/braces 123ms (cache revalidated)
npm http fetch GET 200 https://registry.npmjs.org/is-binary-path 156ms (cache revalidated)
npm http fetch GET 200 https://registry.npmjs.org/anymatch 171ms (cache revalidated)
npm http fetch GET 200 https://registry.npmjs.org/readdirp 164ms (cache revalidated)
npm http fetch GET 200 https://registry.npmjs.org/fsevents 176ms (cache revalidated)
npm http fetch GET 200 https://registry.npmjs.org/is-glob 197ms (cache revalidated)
npm http fetch GET 200 https://registry.npmjs.org/locate-path 107ms (cache revalidated)
npm http fetch GET 200 https://registry.npmjs.org/path-exists 134ms (cache revalidated)
npm http fetch GET 200 https://registry.npmjs.org/escalade 141ms (cache revalidated)
npm http fetch GET 200 https://registry.npmjs.org/camelcase 132ms (cache revalidated)
npm http fetch GET 200 https://registry.npmjs.org/flat 129ms (cache revalidated)
npm http fetch GET 200 https://registry.npmjs.org/argparse 188ms (cache revalidated)
npm http fetch GET 200 https://registry.npmjs.org/is-plain-obj 132ms (cache revalidated)
npm http fetch GET 200 https://registry.npmjs.org/randombytes 187ms (cache revalidated)
npm http fetch GET 200 https://registry.npmjs.org/binary-extensions 111ms (cache revalidated)
npm http fetch GET 200 https://registry.npmjs.org/is-extglob 114ms (cache revalidated)
npm http fetch GET 200 https://registry.npmjs.org/picomatch 131ms (cache revalidated)
npm http fetch GET 200 https://registry.npmjs.org/fill-range 134ms (cache revalidated)
npm http fetch GET 200 https://registry.npmjs.org/picomatch 133ms (cache revalidated)
npm http fetch GET 200 https://registry.npmjs.org/to-regex-range 103ms (cache revalidated)
npm http fetch GET 200 https://registry.npmjs.org/is-number 99ms (cache revalidated)
npm http fetch GET 200 https://registry.npmjs.org/p-locate 111ms (cache revalidated)
npm http fetch GET 200 https://registry.npmjs.org/p-limit 91ms (cache revalidated)
npm http fetch GET 200 https://registry.npmjs.org/easy-stack 99ms (cache revalidated)
npm http fetch GET 200 https://registry.npmjs.org/yocto-queue 90ms (cache revalidated)
npm http fetch GET 200 https://registry.npmjs.org/clean-stack 106ms (cache revalidated)
npm http fetch GET 200 https://registry.npmjs.org/indent-string 107ms (cache revalidated)
npm http fetch GET 200 https://registry.npmjs.org/map-stream 107ms (cache revalidated)
npm http fetch GET 200 https://registry.npmjs.org/from 115ms (cache revalidated)
npm http fetch GET 200 https://registry.npmjs.org/pause-stream 121ms (cache revalidated)
npm http fetch GET 200 https://registry.npmjs.org/stream-combiner 121ms (cache revalidated)
npm http fetch GET 200 https://registry.npmjs.org/duplexer 134ms (cache revalidated)
npm http fetch GET 200 https://registry.npmjs.org/split 130ms (cache revalidated)
npm http fetch GET 200 https://registry.npmjs.org/call-bind 119ms (cache revalidated)
npm http fetch GET 200 https://registry.npmjs.org/get-intrinsic 117ms (cache revalidated)
npm http fetch GET 200 https://registry.npmjs.org/es-errors 124ms (cache revalidated)
npm http fetch GET 200 https://registry.npmjs.org/object-inspect 134ms (cache revalidated)
npm http fetch GET 200 https://registry.npmjs.org/har-schema 110ms (cache revalidated)
npm http fetch GET 200 https://registry.npmjs.org/json-schema-traverse 103ms (cache revalidated)
npm http fetch GET 200 https://registry.npmjs.org/uri-js 122ms (cache revalidated)
npm http fetch GET 200 https://registry.npmjs.org/fast-deep-equal 125ms (cache revalidated)
npm http fetch GET 200 https://registry.npmjs.org/fast-json-stable-stringify 130ms (cache revalidated)
npm http fetch GET 200 https://registry.npmjs.org/set-function-length 161ms (cache revalidated)
npm http fetch GET 200 https://registry.npmjs.org/function-bind 165ms (cache revalidated)
npm http fetch GET 200 https://registry.npmjs.org/has-proto 166ms (cache revalidated)
npm http fetch GET 200 https://registry.npmjs.org/has-symbols 166ms (cache revalidated)
npm http fetch GET 200 https://registry.npmjs.org/hasown 167ms (cache revalidated)
npm http fetch GET 200 https://registry.npmjs.org/es-define-property 176ms (cache revalidated)
npm http fetch GET 200 https://registry.npmjs.org/gopd 109ms (cache revalidated)
npm http fetch GET 200 https://registry.npmjs.org/define-data-property 116ms (cache revalidated)
npm http fetch GET 200 https://registry.npmjs.org/has-property-descriptors 116ms (cache revalidated)
npm http fetch GET 200 https://registry.npmjs.org/requires-port 122ms (cache revalidated)
npm http fetch GET 200 https://registry.npmjs.org/querystringify 130ms (cache revalidated)
npm http fetch GET 200 https://registry.npmjs.org/cli-boxes 145ms (cache revalidated)
npm http fetch GET 200 https://registry.npmjs.org/package-json 134ms (cache revalidated)
npm http fetch GET 200 https://registry.npmjs.org/widest-line 155ms (cache revalidated)
npm http fetch GET 200 https://registry.npmjs.org/write-file-atomic 147ms (cache revalidated)
npm http fetch GET 200 https://registry.npmjs.org/ansi-align 165ms (cache revalidated)
npm http fetch GET 200 https://registry.npmjs.org/unique-string 161ms (cache revalidated)
npm http fetch GET 200 https://registry.npmjs.org/dot-prop 165ms (cache revalidated)
npm http fetch GET 200 https://registry.npmjs.org/escape-goat 127ms (cache revalidated)
npm http fetch GET 200 https://registry.npmjs.org/eastasianwidth 119ms (cache revalidated)
npm http fetch GET 200 https://registry.npmjs.org/crypto-random-string 107ms (cache revalidated)
npm http fetch GET 200 https://registry.npmjs.org/typedarray-to-buffer 106ms (cache revalidated)
npm http fetch GET 200 https://registry.npmjs.org/imurmurhash 113ms (cache revalidated)
npm http fetch GET 200 https://registry.npmjs.org/is-obj 774ms (cache revalidated)
npm http fetch GET 200 https://registry.npmjs.org/registry-url 96ms (cache revalidated)
npm http fetch GET 200 https://registry.npmjs.org/got 104ms (cache revalidated)
npm http fetch GET 200 https://registry.npmjs.org/registry-auth-token 124ms (cache revalidated)
npm http fetch GET 200 https://registry.npmjs.org/http2-wrapper 120ms (cache revalidated)
npm http fetch GET 200 https://registry.npmjs.org/responselike 146ms (cache revalidated)
npm http fetch GET 200 https://registry.npmjs.org/p-cancelable 151ms (cache revalidated)
npm http fetch GET 200 https://registry.npmjs.org/cacheable-request 142ms (cache revalidated)
npm http fetch GET 200 https://registry.npmjs.org/cacheable-lookup 160ms (cache revalidated)
npm http fetch GET 200 https://registry.npmjs.org/@sindresorhus%2fis 179ms (cache revalidated)
npm http fetch GET 200 https://registry.npmjs.org/decompress-response 150ms (cache revalidated)
npm http fetch GET 200 https://registry.npmjs.org/rc 131ms (cache revalidated)
npm http fetch GET 200 https://registry.npmjs.org/@pnpm%2fnpm-conf 156ms (cache revalidated)
npm http fetch GET 200 https://registry.npmjs.org/@szmarczak%2fhttp-timer 387ms (cache revalidated)
npm http fetch GET 200 https://registry.npmjs.org/lowercase-keys 805ms (cache revalidated)
npm http fetch GET 200 https://registry.npmjs.org/form-data-encoder 761ms (cache revalidated)
npm http fetch GET 200 https://registry.npmjs.org/http-cache-semantics 126ms (cache revalidated)
npm http fetch GET 200 https://registry.npmjs.org/normalize-url 123ms (cache revalidated)
npm http fetch GET 200 https://registry.npmjs.org/defer-to-connect 160ms (cache revalidated)
npm http fetch GET 200 https://registry.npmjs.org/keyv 153ms (cache revalidated)
npm http fetch GET 200 https://registry.npmjs.org/mimic-response 157ms (cache revalidated)
npm http fetch GET 200 https://registry.npmjs.org/mimic-response 150ms (cache revalidated)
npm http fetch GET 200 https://registry.npmjs.org/@types%2fhttp-cache-semantics 190ms (cache revalidated)
npm http fetch GET 200 https://registry.npmjs.org/quick-lru 126ms (cache revalidated)
npm http fetch GET 200 https://registry.npmjs.org/resolve-alpn 155ms (cache revalidated)
npm http fetch GET 200 https://registry.npmjs.org/json-buffer 99ms (cache revalidated)
npm http fetch GET 200 https://registry.npmjs.org/config-chain 101ms (cache revalidated)
npm http fetch GET 200 https://registry.npmjs.org/@pnpm%2fnetwork.ca-file 129ms (cache revalidated)
npm http fetch GET 200 https://registry.npmjs.org/@pnpm%2fconfig.env-replace 144ms (cache revalidated)
npm http fetch GET 200 https://registry.npmjs.org/proto-list 95ms (cache revalidated)
npm http fetch GET 200 https://registry.npmjs.org/deep-extend 141ms (cache revalidated)
npm http fetch GET 200 https://registry.npmjs.org/pend 91ms (cache revalidated)
npm http fetch GET 200 https://registry.npmjs.org/crc32-stream 106ms (cache revalidated)
npm http fetch GET 200 https://registry.npmjs.org/crc-32 93ms (cache revalidated)
npm http fetch GET 200 https://registry.npmjs.org/buffer-alloc-unsafe 103ms (cache revalidated)
npm http fetch GET 200 https://registry.npmjs.org/buffer-fill 157ms (cache revalidated)
npm http fetch GET 200 https://registry.npmjs.org/p-try 104ms (cache revalidated)
npm verb reify failed optional dependency C:\Users\andre\Desktop\PGDAS\Disciplinas\6 - Automação de Testes em Web\Práticas\automacao-web-pgats-avaliacao\tmpBstackPackages\node_modules\fsevents
npm http fetch POST 200 https://registry.npmjs.org/-/npm/v1/security/advisories/bulk 752ms
npm WARN deprecated inflight@1.0.6: This module is not supported, and leaks memory. Do not use it. Check out lru-cache if you want a good and tested way to coalesce async requests by a key value, which is much more comprehensive and powerful.
npm WARN deprecated rimraf@2.5.4: Rimraf versions prior to v4 are no longer supported
npm WARN deprecated har-validator@5.1.5: this library is no longer supported
npm WARN deprecated glob@7.2.3: Glob versions prior to v9 are no longer supported
npm WARN deprecated glob@8.1.0: Glob versions prior to v9 are no longer supported
npm WARN deprecated uuid@3.4.0: Please upgrade  to version 7 or higher.  Older versions may use Math.random() in certain circumstances, which is known to be problematic.  See https://v8.dev/blog/math-random for details.
npm WARN deprecated request@2.88.2: request has been deprecated, see https://github.com/request/request/issues/3142
npm info run cypress@13.14.0 postinstall node_modules/cypress node index.js --exec install
npm info run cypress@13.14.0 postinstall { code: 0, signal: null }

added 469 packages, and audited 470 packages in 40s

94 packages are looking for funding
  run `npm fund` for details

3 moderate severity vulnerabilities

To address all issues (including breaking changes), run:
  npm audit fix --force

Run `npm audit` for details.
npm verb exit 0
npm info ok 
